<?xml version="1.0" encoding="UTF-8"?>
<!-- Generated by org.testng.reporters.JUnitReportReporter -->
<testsuite hostname="DESKTOP-APMBKD2" failures="0" tests="1" name="AssesmentProgram.Assesment1" time="8.205" errors="0" timestamp="2023-11-23T04:38:19 GMT-08:00" skipped="0">
  <testcase classname="AssesmentProgram.Assesment1" name="piyush" time="8.205"/>
  <system-out/>
</testsuite> <!-- AssesmentProgram.Assesment1 -->
