<?xml version="1.0" encoding="UTF-8"?>
<!-- Generated by org.testng.reporters.JUnitReportReporter -->
<testsuite hostname="DESKTOP-APMBKD2" failures="0" tests="2" name="TestCase.ModalTC" time="24.192" errors="0" timestamp="2023-11-24T03:23:30 GMT-08:00" skipped="0">
  <testcase classname="TestCase.ModalTC" name="smallmodal" time="24.028"/>
  <system-out/>
  <testcase classname="TestCase.ModalTC" name="largemodal" time="0.164"/>
  <system-out/>
</testsuite> <!-- TestCase.ModalTC -->
